5/31/2017 1:30:52 PM, Info: Saving project information...
5/31/2017 1:30:54 PM, Info: Verifying archive C:\Users\Mike\DOCUME~1\Crestron\Projects\Systems\GUSTOF~1\Output\Programs\CRESTR~1\SPlsWork\Crestron.TV Presets v1.2.clz...
5/31/2017 1:30:56 PM, Info: Saving project information...
5/31/2017 1:30:58 PM, Info: Verifying archive C:\Users\Mike\DOCUME~1\Crestron\Projects\Systems\GUSTOF~1\Output\Programs\CRESTR~1\SPlsWork\Crestron.MediaPlayerValidator.clz...
5/31/2017 1:30:58 PM, Info: Saving project information...
5/31/2017 1:31:06 PM, Info: Commiting verification transaction...
5/31/2017 1:31:06 PM, Info: Saving project information...
5/31/2017 1:45:34 PM, Info: Initializing SIMPLSharp Services...
5/31/2017 1:45:34 PM, Info: ProjectInfo successfully initialized.
5/31/2017 1:45:36 PM, Info: Verifying archive C:\Users\Mike\DOCUME~1\Crestron\Projects\Systems\GUSTOF~1\Output\Programs\CRESTR~1\SPlsWork\MediaSubsystem.clz...
5/31/2017 1:45:37 PM, Info: Saving project information...
5/31/2017 1:45:45 PM, Info: Verifying archive C:\Users\Mike\DOCUME~1\Crestron\Projects\Systems\GUSTOF~1\Output\Programs\CRESTR~1\SPlsWork\SonosLibrary_v2_1.clz...
5/31/2017 1:45:47 PM, Info: Saving project information...
5/31/2017 1:45:49 PM, Info: Verifying archive C:\Users\Mike\DOCUME~1\Crestron\Projects\Systems\GUSTOF~1\Output\Programs\CRESTR~1\SPlsWork\Crestron.TV Presets v1.2.clz...
5/31/2017 1:45:51 PM, Info: Saving project information...
5/31/2017 1:45:53 PM, Info: Verifying archive C:\Users\Mike\DOCUME~1\Crestron\Projects\Systems\GUSTOF~1\Output\Programs\CRESTR~1\SPlsWork\Crestron.MediaPlayerValidator.clz...
5/31/2017 1:45:54 PM, Info: Saving project information...
5/31/2017 1:46:01 PM, Info: Commiting verification transaction...
5/31/2017 1:46:01 PM, Info: Saving project information...
5/31/2017 1:49:25 PM, Info: Initializing SIMPLSharp Services...
5/31/2017 1:49:25 PM, Info: ProjectInfo successfully initialized.
5/31/2017 1:49:26 PM, Info: Verifying archive C:\Users\Mike\DOCUME~1\Crestron\Projects\Systems\GUSTOF~1\Output\Programs\CRESTR~1\SPlsWork\MediaSubsystem.clz...
5/31/2017 1:49:27 PM, Info: Saving project information...
5/31/2017 1:49:35 PM, Info: Verifying archive C:\Users\Mike\DOCUME~1\Crestron\Projects\Systems\GUSTOF~1\Output\Programs\CRESTR~1\SPlsWork\SonosLibrary_v2_1.clz...
5/31/2017 1:49:37 PM, Info: Saving project information...
5/31/2017 1:49:40 PM, Info: Verifying archive C:\Users\Mike\DOCUME~1\Crestron\Projects\Systems\GUSTOF~1\Output\Programs\CRESTR~1\SPlsWork\Crestron.TV Presets v1.2.clz...
5/31/2017 1:49:41 PM, Info: Saving project information...
5/31/2017 1:49:43 PM, Info: Verifying archive C:\Users\Mike\DOCUME~1\Crestron\Projects\Systems\GUSTOF~1\Output\Programs\CRESTR~1\SPlsWork\Crestron.MediaPlayerValidator.clz...
5/31/2017 1:49:43 PM, Info: Saving project information...
5/31/2017 1:49:51 PM, Info: Commiting verification transaction...
5/31/2017 1:49:51 PM, Info: Saving project information...
5/31/2017 2:29:22 PM, Info: Initializing SIMPLSharp Services...
5/31/2017 2:29:22 PM, Info: ProjectInfo successfully initialized.
5/31/2017 2:29:23 PM, Info: Verifying archive C:\Users\Mike\DOCUME~1\Crestron\Projects\Systems\GUSTOF~1\Output\Programs\CRESTR~1\SPlsWork\MediaSubsystem.clz...
5/31/2017 2:29:25 PM, Info: Saving project information...
5/31/2017 2:29:33 PM, Info: Verifying archive C:\Users\Mike\DOCUME~1\Crestron\Projects\Systems\GUSTOF~1\Output\Programs\CRESTR~1\SPlsWork\SonosLibrary_v2_1.clz...
5/31/2017 2:29:36 PM, Info: Saving project information...
5/31/2017 2:29:38 PM, Info: Verifying archive C:\Users\Mike\DOCUME~1\Crestron\Projects\Systems\GUSTOF~1\Output\Programs\CRESTR~1\SPlsWork\Crestron.TV Presets v1.2.clz...
5/31/2017 2:29:40 PM, Info: Saving project information...
5/31/2017 2:29:42 PM, Info: Verifying archive C:\Users\Mike\DOCUME~1\Crestron\Projects\Systems\GUSTOF~1\Output\Programs\CRESTR~1\SPlsWork\Crestron.MediaPlayerValidator.clz...
5/31/2017 2:29:42 PM, Info: Saving project information...
5/31/2017 2:29:49 PM, Info: Commiting verification transaction...
5/31/2017 2:29:49 PM, Info: Saving project information...
5/31/2017 2:31:43 PM, Info: Initializing SIMPLSharp Services...
5/31/2017 2:31:43 PM, Info: ProjectInfo successfully initialized.
5/31/2017 2:31:45 PM, Info: Verifying archive C:\Users\Mike\DOCUME~1\Crestron\Projects\Systems\GUSTOF~1\Output\Programs\CRESTR~1\SPlsWork\MediaSubsystem.clz...
5/31/2017 2:31:47 PM, Info: Saving project information...
5/31/2017 2:31:55 PM, Info: Verifying archive C:\Users\Mike\DOCUME~1\Crestron\Projects\Systems\GUSTOF~1\Output\Programs\CRESTR~1\SPlsWork\SonosLibrary_v2_1.clz...
5/31/2017 2:31:57 PM, Info: Saving project information...
5/31/2017 2:31:59 PM, Info: Verifying archive C:\Users\Mike\DOCUME~1\Crestron\Projects\Systems\GUSTOF~1\Output\Programs\CRESTR~1\SPlsWork\Crestron.TV Presets v1.2.clz...
5/31/2017 2:32:01 PM, Info: Saving project information...
5/31/2017 2:32:04 PM, Info: Verifying archive C:\Users\Mike\DOCUME~1\Crestron\Projects\Systems\GUSTOF~1\Output\Programs\CRESTR~1\SPlsWork\Crestron.MediaPlayerValidator.clz...
5/31/2017 2:32:04 PM, Info: Saving project information...
5/31/2017 2:32:11 PM, Info: Commiting verification transaction...
5/31/2017 2:32:11 PM, Info: Saving project information...
5/31/2017 2:36:08 PM, Info: Initializing SIMPLSharp Services...
5/31/2017 2:36:08 PM, Info: ProjectInfo successfully initialized.
5/31/2017 2:36:10 PM, Info: Verifying archive C:\Users\Mike\DOCUME~1\Crestron\Projects\Systems\GUSTOF~1\Output\Programs\CRESTR~1\SPlsWork\MediaSubsystem.clz...
5/31/2017 2:36:12 PM, Info: Saving project information...
5/31/2017 2:36:20 PM, Info: Verifying archive C:\Users\Mike\DOCUME~1\Crestron\Projects\Systems\GUSTOF~1\Output\Programs\CRESTR~1\SPlsWork\SonosLibrary_v2_1.clz...
5/31/2017 2:36:22 PM, Info: Saving project information...
5/31/2017 2:36:24 PM, Info: Verifying archive C:\Users\Mike\DOCUME~1\Crestron\Projects\Systems\GUSTOF~1\Output\Programs\CRESTR~1\SPlsWork\Crestron.TV Presets v1.2.clz...
5/31/2017 2:36:26 PM, Info: Saving project information...
5/31/2017 2:36:28 PM, Info: Verifying archive C:\Users\Mike\DOCUME~1\Crestron\Projects\Systems\GUSTOF~1\Output\Programs\CRESTR~1\SPlsWork\Crestron.MediaPlayerValidator.clz...
5/31/2017 2:36:28 PM, Info: Saving project information...
5/31/2017 2:36:35 PM, Info: Commiting verification transaction...
5/31/2017 2:36:35 PM, Info: Saving project information...
5/31/2017 2:44:34 PM, Info: Initializing SIMPLSharp Services...
5/31/2017 2:44:34 PM, Info: ProjectInfo successfully initialized.
5/31/2017 2:44:36 PM, Info: Verifying archive C:\Users\Mike\DOCUME~1\Crestron\Projects\Systems\GUSTOF~1\Output\Programs\CRESTR~1\SPlsWork\MediaSubsystem.clz...
5/31/2017 2:44:37 PM, Info: Saving project information...
5/31/2017 2:44:46 PM, Info: Verifying archive C:\Users\Mike\DOCUME~1\Crestron\Projects\Systems\GUSTOF~1\Output\Programs\CRESTR~1\SPlsWork\SonosLibrary_v2_1.clz...
5/31/2017 2:44:48 PM, Info: Saving project information...
5/31/2017 2:44:50 PM, Info: Verifying archive C:\Users\Mike\DOCUME~1\Crestron\Projects\Systems\GUSTOF~1\Output\Programs\CRESTR~1\SPlsWork\Crestron.TV Presets v1.2.clz...
5/31/2017 2:44:51 PM, Info: Saving project information...
5/31/2017 2:44:54 PM, Info: Verifying archive C:\Users\Mike\DOCUME~1\Crestron\Projects\Systems\GUSTOF~1\Output\Programs\CRESTR~1\SPlsWork\Crestron.MediaPlayerValidator.clz...
5/31/2017 2:44:54 PM, Info: Saving project information...
5/31/2017 2:45:01 PM, Info: Commiting verification transaction...
5/31/2017 2:45:01 PM, Info: Saving project information...
5/31/2017 2:47:37 PM, Info: Initializing SIMPLSharp Services...
5/31/2017 2:47:37 PM, Info: ProjectInfo successfully initialized.
5/31/2017 2:47:39 PM, Info: Verifying archive C:\Users\Mike\DOCUME~1\Crestron\Projects\Systems\GUSTOF~1\Output\Programs\CRESTR~1\SPlsWork\MediaSubsystem.clz...
5/31/2017 2:47:40 PM, Info: Saving project information...
5/31/2017 2:47:48 PM, Info: Verifying archive C:\Users\Mike\DOCUME~1\Crestron\Projects\Systems\GUSTOF~1\Output\Programs\CRESTR~1\SPlsWork\SonosLibrary_v2_1.clz...
5/31/2017 2:47:50 PM, Info: Saving project information...
5/31/2017 2:47:53 PM, Info: Verifying archive C:\Users\Mike\DOCUME~1\Crestron\Projects\Systems\GUSTOF~1\Output\Programs\CRESTR~1\SPlsWork\Crestron.TV Presets v1.2.clz...
5/31/2017 2:47:54 PM, Info: Saving project information...
5/31/2017 2:47:56 PM, Info: Verifying archive C:\Users\Mike\DOCUME~1\Crestron\Projects\Systems\GUSTOF~1\Output\Programs\CRESTR~1\SPlsWork\Crestron.MediaPlayerValidator.clz...
5/31/2017 2:47:57 PM, Info: Saving project information...
5/31/2017 2:48:03 PM, Info: Commiting verification transaction...
5/31/2017 2:48:03 PM, Info: Saving project information...
5/31/2017 3:03:45 PM, Info: Initializing SIMPLSharp Services...
5/31/2017 3:03:45 PM, Info: ProjectInfo successfully initialized.
5/31/2017 3:03:47 PM, Info: Verifying archive C:\Users\Mike\DOCUME~1\Crestron\Projects\Systems\GUSTOF~1\Output\Programs\CRESTR~1\SPlsWork\MediaSubsystem.clz...
5/31/2017 3:03:48 PM, Info: Saving project information...
5/31/2017 3:03:57 PM, Info: Verifying archive C:\Users\Mike\DOCUME~1\Crestron\Projects\Systems\GUSTOF~1\Output\Programs\CRESTR~1\SPlsWork\SonosLibrary_v2_1.clz...
5/31/2017 3:03:59 PM, Info: Saving project information...
5/31/2017 3:04:01 PM, Info: Verifying archive C:\Users\Mike\DOCUME~1\Crestron\Projects\Systems\GUSTOF~1\Output\Programs\CRESTR~1\SPlsWork\Crestron.TV Presets v1.2.clz...
5/31/2017 3:04:02 PM, Info: Saving project information...
5/31/2017 3:04:05 PM, Info: Verifying archive C:\Users\Mike\DOCUME~1\Crestron\Projects\Systems\GUSTOF~1\Output\Programs\CRESTR~1\SPlsWork\Crestron.MediaPlayerValidator.clz...
5/31/2017 3:04:05 PM, Info: Saving project information...
5/31/2017 3:04:06 PM, Info: Verifying archive C:\Users\Mike\DOCUME~1\Crestron\Projects\Systems\GUSTOF~1\Output\Programs\CRESTR~1\SPlsWork\Crestron.TV Presets v1.2.clz...
5/31/2017 3:04:07 PM, Info: Saving project information...
5/31/2017 3:04:07 PM, Info: Verifying archive C:\Users\Mike\DOCUME~1\Crestron\Projects\Systems\GUSTOF~1\Output\Programs\CRESTR~1\SPlsWork\AppHelperClasses.clz...
5/31/2017 3:04:08 PM, Info: Saving project information...
5/31/2017 3:04:09 PM, Info: Verifying archive C:\Users\Mike\DOCUME~1\Crestron\Projects\Systems\GUSTOF~1\Output\Programs\CRESTR~1\SPlsWork\MediaSubsystem.clz...
5/31/2017 3:04:10 PM, Info: Saving project information...
5/31/2017 3:04:13 PM, Info: Verifying archive C:\Users\Mike\DOCUME~1\Crestron\Projects\Systems\GUSTOF~1\Output\Programs\CRESTR~1\SPlsWork\Crestron.Rio.SystemManager.clz...
5/31/2017 3:04:14 PM, Info: Saving project information...
5/31/2017 3:04:15 PM, Info: Verifying archive C:\Users\Mike\DOCUME~1\Crestron\Projects\Systems\GUSTOF~1\Output\Programs\CRESTR~1\SPlsWork\MediaSubsystem.clz...
5/31/2017 3:04:17 PM, Info: Saving project information...
5/31/2017 3:04:18 PM, Info: Commiting verification transaction...
5/31/2017 3:04:18 PM, Info: Saving project information...
5/31/2017 3:19:45 PM, Info: Initializing SIMPLSharp Services...
5/31/2017 3:19:45 PM, Info: ProjectInfo successfully initialized.
5/31/2017 3:19:47 PM, Info: Verifying archive C:\Users\Mike\DOCUME~1\Crestron\Projects\Systems\GUSTOF~1\Output\Programs\CRESTR~1\SPlsWork\MediaSubsystem.clz...
5/31/2017 3:19:49 PM, Info: Saving project information...
5/31/2017 3:19:57 PM, Info: Verifying archive C:\Users\Mike\DOCUME~1\Crestron\Projects\Systems\GUSTOF~1\Output\Programs\CRESTR~1\SPlsWork\SonosLibrary_v2_1.clz...
5/31/2017 3:19:59 PM, Info: Saving project information...
5/31/2017 3:20:01 PM, Info: Verifying archive C:\Users\Mike\DOCUME~1\Crestron\Projects\Systems\GUSTOF~1\Output\Programs\CRESTR~1\SPlsWork\Crestron.TV Presets v1.2.clz...
5/31/2017 3:20:03 PM, Info: Saving project information...
5/31/2017 3:20:05 PM, Info: Verifying archive C:\Users\Mike\DOCUME~1\Crestron\Projects\Systems\GUSTOF~1\Output\Programs\CRESTR~1\SPlsWork\Crestron.MediaPlayerValidator.clz...
5/31/2017 3:20:06 PM, Info: Saving project information...
5/31/2017 3:20:07 PM, Info: Verifying archive C:\Users\Mike\DOCUME~1\Crestron\Projects\Systems\GUSTOF~1\Output\Programs\CRESTR~1\SPlsWork\Crestron.TV Presets v1.2.clz...
5/31/2017 3:20:09 PM, Info: Saving project information...
5/31/2017 3:20:09 PM, Info: Verifying archive C:\Users\Mike\DOCUME~1\Crestron\Projects\Systems\GUSTOF~1\Output\Programs\CRESTR~1\SPlsWork\AppHelperClasses.clz...
5/31/2017 3:20:09 PM, Info: Saving project information...
5/31/2017 3:20:10 PM, Info: Verifying archive C:\Users\Mike\DOCUME~1\Crestron\Projects\Systems\GUSTOF~1\Output\Programs\CRESTR~1\SPlsWork\MediaSubsystem.clz...
5/31/2017 3:20:12 PM, Info: Saving project information...
5/31/2017 3:20:15 PM, Info: Verifying archive C:\Users\Mike\DOCUME~1\Crestron\Projects\Systems\GUSTOF~1\Output\Programs\CRESTR~1\SPlsWork\Crestron.Rio.SystemManager.clz...
5/31/2017 3:20:15 PM, Info: Saving project information...
5/31/2017 3:20:16 PM, Info: Verifying archive C:\Users\Mike\DOCUME~1\Crestron\Projects\Systems\GUSTOF~1\Output\Programs\CRESTR~1\SPlsWork\MediaSubsystem.clz...
5/31/2017 3:20:18 PM, Info: Saving project information...
5/31/2017 3:20:19 PM, Info: Commiting verification transaction...
5/31/2017 3:20:19 PM, Info: Saving project information...
5/31/2017 3:23:07 PM, Info: Initializing SIMPLSharp Services...
5/31/2017 3:23:07 PM, Info: ProjectInfo successfully initialized.
5/31/2017 3:23:09 PM, Info: Verifying archive C:\Users\Mike\DOCUME~1\Crestron\Projects\Systems\GUSTOF~1\Output\Programs\CRESTR~1\SPlsWork\MediaSubsystem.clz...
5/31/2017 3:23:10 PM, Info: Saving project information...
5/31/2017 3:23:19 PM, Info: Verifying archive C:\Users\Mike\DOCUME~1\Crestron\Projects\Systems\GUSTOF~1\Output\Programs\CRESTR~1\SPlsWork\SonosLibrary_v2_1.clz...
5/31/2017 3:23:22 PM, Info: Saving project information...
5/31/2017 3:23:25 PM, Info: Verifying archive C:\Users\Mike\DOCUME~1\Crestron\Projects\Systems\GUSTOF~1\Output\Programs\CRESTR~1\SPlsWork\Crestron.TV Presets v1.2.clz...
5/31/2017 3:23:27 PM, Info: Saving project information...
5/31/2017 3:23:30 PM, Info: Verifying archive C:\Users\Mike\DOCUME~1\Crestron\Projects\Systems\GUSTOF~1\Output\Programs\CRESTR~1\SPlsWork\Crestron.MediaPlayerValidator.clz...
5/31/2017 3:23:30 PM, Info: Saving project information...
5/31/2017 3:23:39 PM, Info: Commiting verification transaction...
5/31/2017 3:23:39 PM, Info: Saving project information...
5/31/2017 3:34:27 PM, Info: Initializing SIMPLSharp Services...
5/31/2017 3:34:27 PM, Info: ProjectInfo successfully initialized.
5/31/2017 3:34:29 PM, Info: Verifying archive C:\Users\Mike\DOCUME~1\Crestron\Projects\Systems\GUSTOF~1\Output\Programs\CRESTR~1\SPlsWork\MediaSubsystem.clz...
5/31/2017 3:34:30 PM, Info: Saving project information...
5/31/2017 3:34:39 PM, Info: Verifying archive C:\Users\Mike\DOCUME~1\Crestron\Projects\Systems\GUSTOF~1\Output\Programs\CRESTR~1\SPlsWork\SonosLibrary_v2_1.clz...
5/31/2017 3:34:42 PM, Info: Saving project information...
5/31/2017 3:34:44 PM, Info: Verifying archive C:\Users\Mike\DOCUME~1\Crestron\Projects\Systems\GUSTOF~1\Output\Programs\CRESTR~1\SPlsWork\Crestron.TV Presets v1.2.clz...
5/31/2017 3:34:46 PM, Info: Saving project information...
5/31/2017 3:34:48 PM, Info: Verifying archive C:\Users\Mike\DOCUME~1\Crestron\Projects\Systems\GUSTOF~1\Output\Programs\CRESTR~1\SPlsWork\Crestron.MediaPlayerValidator.clz...
5/31/2017 3:34:48 PM, Info: Saving project information...
5/31/2017 3:34:57 PM, Info: Commiting verification transaction...
5/31/2017 3:34:57 PM, Info: Saving project information...
5/31/2017 3:49:04 PM, Info: Initializing SIMPLSharp Services...
5/31/2017 3:49:04 PM, Info: ProjectInfo successfully initialized.
5/31/2017 3:49:06 PM, Info: Verifying archive C:\Users\Mike\DOCUME~1\Crestron\Projects\Systems\GUSTOF~1\Output\Programs\CRESTR~1\SPlsWork\MediaSubsystem.clz...
5/31/2017 3:49:07 PM, Info: Saving project information...
5/31/2017 3:49:16 PM, Info: Verifying archive C:\Users\Mike\DOCUME~1\Crestron\Projects\Systems\GUSTOF~1\Output\Programs\CRESTR~1\SPlsWork\SonosLibrary_v2_1.clz...
5/31/2017 3:49:18 PM, Info: Saving project information...
5/31/2017 3:49:20 PM, Info: Verifying archive C:\Users\Mike\DOCUME~1\Crestron\Projects\Systems\GUSTOF~1\Output\Programs\CRESTR~1\SPlsWork\Crestron.TV Presets v1.2.clz...
