5/31/2017 11:52:50 AM, Info: Initializing SIMPLSharp Services...
5/31/2017 11:52:50 AM, Info: ProjectInfo successfully initialized.
5/31/2017 11:52:54 AM, Info: Verifying archive C:\Users\Mike\DOCUME~1\Crestron\Projects\Systems\GUSTOF~1\Output\Programs\CRESTR~1\SPlsWork\MediaSubsystem.clz...
5/31/2017 11:52:57 AM, Info: Saving project information...
5/31/2017 11:52:59 AM, Info: Verifying archive C:\Users\Mike\DOCUME~1\Crestron\Projects\Systems\GUSTOF~1\Output\Programs\CRESTR~1\SPlsWork\Crestron.Rio.SystemManager.clz...
5/31/2017 11:53:00 AM, Info: Saving project information...
5/31/2017 11:53:04 AM, Info: Verifying archive C:\Users\Mike\DOCUME~1\Crestron\Projects\Systems\GUSTOF~1\Output\Programs\CRESTR~1\SPlsWork\MediaSubsystem.clz...
5/31/2017 11:53:07 AM, Info: Saving project information...
5/31/2017 11:53:09 AM, Info: Verifying archive C:\Users\Mike\DOCUME~1\Crestron\Projects\Systems\GUSTOF~1\Output\Programs\CRESTR~1\SPlsWork\MediaSubsystem.clz...
5/31/2017 11:53:11 AM, Info: Saving project information...
5/31/2017 11:53:13 AM, Info: Verifying archive C:\Users\Mike\DOCUME~1\Crestron\Projects\Systems\GUSTOF~1\Output\Programs\CRESTR~1\SPlsWork\MediaSubsystem.clz...
5/31/2017 11:53:16 AM, Info: Saving project information...
5/31/2017 11:53:17 AM, Info: Verifying archive C:\Users\Mike\DOCUME~1\Crestron\Projects\Systems\GUSTOF~1\Output\Programs\CRESTR~1\SPlsWork\MediaSubsystem.clz...
5/31/2017 11:53:20 AM, Info: Saving project information...
5/31/2017 11:53:22 AM, Info: Verifying archive C:\Users\Mike\DOCUME~1\Crestron\Projects\Systems\GUSTOF~1\Output\Programs\CRESTR~1\SPlsWork\SonosLibrary_v2_1.clz...
5/31/2017 11:53:29 AM, Info: Saving project information...
5/31/2017 11:53:30 AM, Info: Verifying archive C:\Users\Mike\DOCUME~1\Crestron\Projects\Systems\GUSTOF~1\Output\Programs\CRESTR~1\SPlsWork\SonosLibrary_v2_1.clz...
5/31/2017 11:53:37 AM, Info: Saving project information...
5/31/2017 11:53:38 AM, Info: Verifying archive C:\Users\Mike\DOCUME~1\Crestron\Projects\Systems\GUSTOF~1\Output\Programs\CRESTR~1\SPlsWork\Crestron.TV Presets v1.2.clz...
5/31/2017 11:53:43 AM, Info: Saving project information...
5/31/2017 11:53:44 AM, Info: Verifying archive C:\Users\Mike\DOCUME~1\Crestron\Projects\Systems\GUSTOF~1\Output\Programs\CRESTR~1\SPlsWork\AppHelperClasses v2_0.clz...
5/31/2017 11:53:45 AM, Info: Saving project information...
5/31/2017 11:53:46 AM, Info: Verifying archive C:\Users\Mike\DOCUME~1\Crestron\Projects\Systems\GUSTOF~1\Output\Programs\CRESTR~1\SPlsWork\Crestron.MediaPlayerValidator.clz...
5/31/2017 11:53:47 AM, Info: Saving project information...
5/31/2017 11:53:49 AM, Info: Verifying archive C:\Users\Mike\DOCUME~1\Crestron\Projects\Systems\GUSTOF~1\Output\Programs\CRESTR~1\SPlsWork\Crestron.TV Presets v1.2.clz...
5/31/2017 11:53:53 AM, Info: Saving project information...
5/31/2017 11:53:53 AM, Info: Verifying archive C:\Users\Mike\DOCUME~1\Crestron\Projects\Systems\GUSTOF~1\Output\Programs\CRESTR~1\SPlsWork\AppHelperClasses.clz...
5/31/2017 11:53:54 AM, Info: Saving project information...
5/31/2017 11:53:56 AM, Info: Verifying archive C:\Users\Mike\DOCUME~1\Crestron\Projects\Systems\GUSTOF~1\Output\Programs\CRESTR~1\SPlsWork\MediaSubsystem.clz...
5/31/2017 11:53:59 AM, Info: Saving project information...
5/31/2017 11:54:03 AM, Info: Verifying archive C:\Users\Mike\DOCUME~1\Crestron\Projects\Systems\GUSTOF~1\Output\Programs\CRESTR~1\SPlsWork\Crestron.Rio.SystemManager.clz...
5/31/2017 11:54:05 AM, Info: Saving project information...
5/31/2017 11:54:06 AM, Info: Verifying archive C:\Users\Mike\DOCUME~1\Crestron\Projects\Systems\GUSTOF~1\Output\Programs\CRESTR~1\SPlsWork\MediaSubsystem.clz...
5/31/2017 11:54:09 AM, Info: Saving project information...
5/31/2017 11:54:11 AM, Info: Commiting verification transaction...
5/31/2017 11:54:11 AM, Info: Saving project information...
5/31/2017 12:01:45 PM, Info: Initializing SIMPLSharp Services...
5/31/2017 12:01:45 PM, Info: ProjectInfo successfully initialized.
5/31/2017 12:01:48 PM, Info: Verifying archive C:\Users\Mike\DOCUME~1\Crestron\Projects\Systems\GUSTOF~1\Output\Programs\CRESTR~1\SPlsWork\MediaSubsystem.clz...
5/31/2017 12:01:51 PM, Info: Saving project information...
5/31/2017 12:01:52 PM, Info: Verifying archive C:\Users\Mike\DOCUME~1\Crestron\Projects\Systems\GUSTOF~1\Output\Programs\CRESTR~1\SPlsWork\Crestron.Rio.SystemManager.clz...
5/31/2017 12:01:53 PM, Info: Saving project information...
5/31/2017 12:01:56 PM, Info: Verifying archive C:\Users\Mike\DOCUME~1\Crestron\Projects\Systems\GUSTOF~1\Output\Programs\CRESTR~1\SPlsWork\MediaSubsystem.clz...
5/31/2017 12:01:57 PM, Info: Saving project information...
5/31/2017 12:01:58 PM, Info: Verifying archive C:\Users\Mike\DOCUME~1\Crestron\Projects\Systems\GUSTOF~1\Output\Programs\CRESTR~1\SPlsWork\MediaSubsystem.clz...
5/31/2017 12:01:59 PM, Info: Saving project information...
5/31/2017 12:02:00 PM, Info: Verifying archive C:\Users\Mike\DOCUME~1\Crestron\Projects\Systems\GUSTOF~1\Output\Programs\CRESTR~1\SPlsWork\MediaSubsystem.clz...
5/31/2017 12:02:02 PM, Info: Saving project information...
5/31/2017 12:02:03 PM, Info: Verifying archive C:\Users\Mike\DOCUME~1\Crestron\Projects\Systems\GUSTOF~1\Output\Programs\CRESTR~1\SPlsWork\MediaSubsystem.clz...
5/31/2017 12:02:04 PM, Info: Saving project information...
5/31/2017 12:02:05 PM, Info: Verifying archive C:\Users\Mike\DOCUME~1\Crestron\Projects\Systems\GUSTOF~1\Output\Programs\CRESTR~1\SPlsWork\SonosLibrary_v2_1.clz...
5/31/2017 12:02:11 PM, Info: Saving project information...
5/31/2017 12:02:13 PM, Info: Verifying archive C:\Users\Mike\DOCUME~1\Crestron\Projects\Systems\GUSTOF~1\Output\Programs\CRESTR~1\SPlsWork\SonosLibrary_v2_1.clz...
5/31/2017 12:02:15 PM, Info: Saving project information...
5/31/2017 12:02:17 PM, Info: Verifying archive C:\Users\Mike\DOCUME~1\Crestron\Projects\Systems\GUSTOF~1\Output\Programs\CRESTR~1\SPlsWork\Crestron.TV Presets v1.2.clz...
5/31/2017 12:02:19 PM, Info: Saving project information...
5/31/2017 12:02:20 PM, Info: Verifying archive C:\Users\Mike\DOCUME~1\Crestron\Projects\Systems\GUSTOF~1\Output\Programs\CRESTR~1\SPlsWork\AppHelperClasses v2_0.clz...
5/31/2017 12:02:21 PM, Info: Saving project information...
5/31/2017 12:02:21 PM, Info: Verifying archive C:\Users\Mike\DOCUME~1\Crestron\Projects\Systems\GUSTOF~1\Output\Programs\CRESTR~1\SPlsWork\Crestron.MediaPlayerValidator.clz...
5/31/2017 12:02:22 PM, Info: Saving project information...
5/31/2017 12:02:23 PM, Info: Verifying archive C:\Users\Mike\DOCUME~1\Crestron\Projects\Systems\GUSTOF~1\Output\Programs\CRESTR~1\SPlsWork\Crestron.TV Presets v1.2.clz...
5/31/2017 12:02:25 PM, Info: Saving project information...
5/31/2017 12:02:25 PM, Info: Verifying archive C:\Users\Mike\DOCUME~1\Crestron\Projects\Systems\GUSTOF~1\Output\Programs\CRESTR~1\SPlsWork\AppHelperClasses.clz...
5/31/2017 12:02:25 PM, Info: Saving project information...
5/31/2017 12:02:26 PM, Info: Verifying archive C:\Users\Mike\DOCUME~1\Crestron\Projects\Systems\GUSTOF~1\Output\Programs\CRESTR~1\SPlsWork\MediaSubsystem.clz...
5/31/2017 12:02:27 PM, Info: Saving project information...
5/31/2017 12:02:30 PM, Info: Verifying archive C:\Users\Mike\DOCUME~1\Crestron\Projects\Systems\GUSTOF~1\Output\Programs\CRESTR~1\SPlsWork\Crestron.Rio.SystemManager.clz...
5/31/2017 12:02:31 PM, Info: Saving project information...
5/31/2017 12:02:32 PM, Info: Verifying archive C:\Users\Mike\DOCUME~1\Crestron\Projects\Systems\GUSTOF~1\Output\Programs\CRESTR~1\SPlsWork\MediaSubsystem.clz...
5/31/2017 12:02:33 PM, Info: Saving project information...
5/31/2017 12:02:35 PM, Info: Commiting verification transaction...
5/31/2017 12:02:35 PM, Info: Saving project information...
5/31/2017 12:37:59 PM, Info: Initializing SIMPLSharp Services...
5/31/2017 12:38:00 PM, Info: ProjectInfo successfully initialized.
5/31/2017 12:38:01 PM, Info: Verifying archive C:\Users\Mike\DOCUME~1\Crestron\Projects\Systems\GUSTOF~1\Output\Programs\CRESTR~1\SPlsWork\MediaSubsystem.clz...
5/31/2017 12:38:03 PM, Info: Saving project information...
5/31/2017 12:38:11 PM, Info: Verifying archive C:\Users\Mike\DOCUME~1\Crestron\Projects\Systems\GUSTOF~1\Output\Programs\CRESTR~1\SPlsWork\SonosLibrary_v2_1.clz...
5/31/2017 12:38:13 PM, Info: Saving project information...
5/31/2017 12:38:15 PM, Info: Verifying archive C:\Users\Mike\DOCUME~1\Crestron\Projects\Systems\GUSTOF~1\Output\Programs\CRESTR~1\SPlsWork\Crestron.TV Presets v1.2.clz...
5/31/2017 12:38:17 PM, Info: Saving project information...
5/31/2017 12:38:19 PM, Info: Verifying archive C:\Users\Mike\DOCUME~1\Crestron\Projects\Systems\GUSTOF~1\Output\Programs\CRESTR~1\SPlsWork\Crestron.MediaPlayerValidator.clz...
5/31/2017 12:38:19 PM, Info: Saving project information...
5/31/2017 12:38:26 PM, Info: Commiting verification transaction...
5/31/2017 12:38:26 PM, Info: Saving project information...
5/31/2017 12:40:41 PM, Info: Initializing SIMPLSharp Services...
5/31/2017 12:40:41 PM, Info: ProjectInfo successfully initialized.
5/31/2017 12:40:42 PM, Info: Verifying archive C:\Users\Mike\DOCUME~1\Crestron\Projects\Systems\GUSTOF~1\Output\Programs\CRESTR~1\SPlsWork\MediaSubsystem.clz...
5/31/2017 12:40:44 PM, Info: Saving project information...
5/31/2017 12:40:51 PM, Info: Verifying archive C:\Users\Mike\DOCUME~1\Crestron\Projects\Systems\GUSTOF~1\Output\Programs\CRESTR~1\SPlsWork\SonosLibrary_v2_1.clz...
5/31/2017 12:40:53 PM, Info: Saving project information...
5/31/2017 12:40:56 PM, Info: Verifying archive C:\Users\Mike\DOCUME~1\Crestron\Projects\Systems\GUSTOF~1\Output\Programs\CRESTR~1\SPlsWork\Crestron.TV Presets v1.2.clz...
5/31/2017 12:40:57 PM, Info: Saving project information...
5/31/2017 12:40:59 PM, Info: Verifying archive C:\Users\Mike\DOCUME~1\Crestron\Projects\Systems\GUSTOF~1\Output\Programs\CRESTR~1\SPlsWork\Crestron.MediaPlayerValidator.clz...
5/31/2017 12:40:59 PM, Info: Saving project information...
5/31/2017 12:41:07 PM, Info: Commiting verification transaction...
5/31/2017 12:41:07 PM, Info: Saving project information...
5/31/2017 12:44:54 PM, Info: Initializing SIMPLSharp Services...
5/31/2017 12:44:54 PM, Info: ProjectInfo successfully initialized.
5/31/2017 12:44:56 PM, Info: Verifying archive C:\Users\Mike\DOCUME~1\Crestron\Projects\Systems\GUSTOF~1\Output\Programs\CRESTR~1\SPlsWork\MediaSubsystem.clz...
5/31/2017 12:44:57 PM, Info: Saving project information...
5/31/2017 12:45:05 PM, Info: Verifying archive C:\Users\Mike\DOCUME~1\Crestron\Projects\Systems\GUSTOF~1\Output\Programs\CRESTR~1\SPlsWork\SonosLibrary_v2_1.clz...
5/31/2017 12:45:07 PM, Info: Saving project information...
5/31/2017 12:45:09 PM, Info: Verifying archive C:\Users\Mike\DOCUME~1\Crestron\Projects\Systems\GUSTOF~1\Output\Programs\CRESTR~1\SPlsWork\Crestron.TV Presets v1.2.clz...
5/31/2017 12:45:10 PM, Info: Saving project information...
5/31/2017 12:45:13 PM, Info: Verifying archive C:\Users\Mike\DOCUME~1\Crestron\Projects\Systems\GUSTOF~1\Output\Programs\CRESTR~1\SPlsWork\Crestron.MediaPlayerValidator.clz...
5/31/2017 12:45:13 PM, Info: Saving project information...
5/31/2017 12:45:20 PM, Info: Commiting verification transaction...
5/31/2017 12:45:20 PM, Info: Saving project information...
5/31/2017 12:53:25 PM, Info: Initializing SIMPLSharp Services...
5/31/2017 12:53:25 PM, Info: ProjectInfo successfully initialized.
5/31/2017 12:53:27 PM, Info: Verifying archive C:\Users\Mike\DOCUME~1\Crestron\Projects\Systems\GUSTOF~1\Output\Programs\CRESTR~1\SPlsWork\MediaSubsystem.clz...
5/31/2017 12:53:28 PM, Info: Saving project information...
5/31/2017 12:53:36 PM, Info: Verifying archive C:\Users\Mike\DOCUME~1\Crestron\Projects\Systems\GUSTOF~1\Output\Programs\CRESTR~1\SPlsWork\SonosLibrary_v2_1.clz...
5/31/2017 12:53:38 PM, Info: Saving project information...
5/31/2017 12:53:40 PM, Info: Verifying archive C:\Users\Mike\DOCUME~1\Crestron\Projects\Systems\GUSTOF~1\Output\Programs\CRESTR~1\SPlsWork\Crestron.TV Presets v1.2.clz...
5/31/2017 12:53:42 PM, Info: Saving project information...
5/31/2017 12:53:44 PM, Info: Verifying archive C:\Users\Mike\DOCUME~1\Crestron\Projects\Systems\GUSTOF~1\Output\Programs\CRESTR~1\SPlsWork\Crestron.MediaPlayerValidator.clz...
5/31/2017 12:53:44 PM, Info: Saving project information...
5/31/2017 12:53:51 PM, Info: Commiting verification transaction...
5/31/2017 12:53:51 PM, Info: Saving project information...
5/31/2017 12:56:42 PM, Info: Initializing SIMPLSharp Services...
5/31/2017 12:56:42 PM, Info: ProjectInfo successfully initialized.
5/31/2017 12:56:44 PM, Info: Verifying archive C:\Users\Mike\DOCUME~1\Crestron\Projects\Systems\GUSTOF~1\Output\Programs\CRESTR~1\SPlsWork\MediaSubsystem.clz...
5/31/2017 12:56:45 PM, Info: Saving project information...
5/31/2017 12:56:53 PM, Info: Verifying archive C:\Users\Mike\DOCUME~1\Crestron\Projects\Systems\GUSTOF~1\Output\Programs\CRESTR~1\SPlsWork\SonosLibrary_v2_1.clz...
5/31/2017 12:56:55 PM, Info: Saving project information...
5/31/2017 12:56:57 PM, Info: Verifying archive C:\Users\Mike\DOCUME~1\Crestron\Projects\Systems\GUSTOF~1\Output\Programs\CRESTR~1\SPlsWork\Crestron.TV Presets v1.2.clz...
5/31/2017 12:56:59 PM, Info: Saving project information...
5/31/2017 12:57:01 PM, Info: Verifying archive C:\Users\Mike\DOCUME~1\Crestron\Projects\Systems\GUSTOF~1\Output\Programs\CRESTR~1\SPlsWork\Crestron.MediaPlayerValidator.clz...
5/31/2017 12:57:02 PM, Info: Saving project information...
5/31/2017 12:57:09 PM, Info: Commiting verification transaction...
5/31/2017 12:57:09 PM, Info: Saving project information...
5/31/2017 1:04:45 PM, Info: Initializing SIMPLSharp Services...
5/31/2017 1:04:45 PM, Info: ProjectInfo successfully initialized.
5/31/2017 1:04:46 PM, Info: Verifying archive C:\Users\Mike\DOCUME~1\Crestron\Projects\Systems\GUSTOF~1\Output\Programs\CRESTR~1\SPlsWork\MediaSubsystem.clz...
5/31/2017 1:04:48 PM, Info: Saving project information...
5/31/2017 1:04:56 PM, Info: Verifying archive C:\Users\Mike\DOCUME~1\Crestron\Projects\Systems\GUSTOF~1\Output\Programs\CRESTR~1\SPlsWork\SonosLibrary_v2_1.clz...
5/31/2017 1:04:58 PM, Info: Saving project information...
5/31/2017 1:05:00 PM, Info: Verifying archive C:\Users\Mike\DOCUME~1\Crestron\Projects\Systems\GUSTOF~1\Output\Programs\CRESTR~1\SPlsWork\Crestron.TV Presets v1.2.clz...
5/31/2017 1:05:02 PM, Info: Saving project information...
5/31/2017 1:05:04 PM, Info: Verifying archive C:\Users\Mike\DOCUME~1\Crestron\Projects\Systems\GUSTOF~1\Output\Programs\CRESTR~1\SPlsWork\Crestron.MediaPlayerValidator.clz...
5/31/2017 1:05:05 PM, Info: Saving project information...
5/31/2017 1:05:12 PM, Info: Commiting verification transaction...
5/31/2017 1:05:12 PM, Info: Saving project information...
5/31/2017 1:11:12 PM, Info: Initializing SIMPLSharp Services...
5/31/2017 1:11:12 PM, Info: ProjectInfo successfully initialized.
5/31/2017 1:11:14 PM, Info: Verifying archive C:\Users\Mike\DOCUME~1\Crestron\Projects\Systems\GUSTOF~1\Output\Programs\CRESTR~1\SPlsWork\MediaSubsystem.clz...
5/31/2017 1:11:15 PM, Info: Saving project information...
5/31/2017 1:11:23 PM, Info: Verifying archive C:\Users\Mike\DOCUME~1\Crestron\Projects\Systems\GUSTOF~1\Output\Programs\CRESTR~1\SPlsWork\SonosLibrary_v2_1.clz...
5/31/2017 1:11:25 PM, Info: Saving project information...
5/31/2017 1:11:27 PM, Info: Verifying archive C:\Users\Mike\DOCUME~1\Crestron\Projects\Systems\GUSTOF~1\Output\Programs\CRESTR~1\SPlsWork\Crestron.TV Presets v1.2.clz...
5/31/2017 1:11:28 PM, Info: Saving project information...
5/31/2017 1:11:30 PM, Info: Verifying archive C:\Users\Mike\DOCUME~1\Crestron\Projects\Systems\GUSTOF~1\Output\Programs\CRESTR~1\SPlsWork\Crestron.MediaPlayerValidator.clz...
5/31/2017 1:11:31 PM, Info: Saving project information...
5/31/2017 1:11:39 PM, Info: Commiting verification transaction...
5/31/2017 1:11:39 PM, Info: Saving project information...
5/31/2017 1:30:38 PM, Info: Initializing SIMPLSharp Services...
5/31/2017 1:30:38 PM, Info: ProjectInfo successfully initialized.
5/31/2017 1:30:40 PM, Info: Verifying archive C:\Users\Mike\DOCUME~1\Crestron\Projects\Systems\GUSTOF~1\Output\Programs\CRESTR~1\SPlsWork\MediaSubsystem.clz...
5/31/2017 1:30:41 PM, Info: Saving project information...
5/31/2017 1:30:49 PM, Info: Verifying archive C:\Users\Mike\DOCUME~1\Crestron\Projects\Systems\GUSTOF~1\Output\Programs\CRESTR~1\SPlsWork\SonosLibrary_v2_1.clz...
