5/31/2017 3:49:22 PM, Info: Saving project information...
5/31/2017 3:49:24 PM, Info: Verifying archive C:\Users\Mike\DOCUME~1\Crestron\Projects\Systems\GUSTOF~1\Output\Programs\CRESTR~1\SPlsWork\Crestron.MediaPlayerValidator.clz...
5/31/2017 3:49:24 PM, Info: Saving project information...
5/31/2017 3:49:32 PM, Info: Commiting verification transaction...
5/31/2017 3:49:32 PM, Info: Saving project information...
5/31/2017 4:00:43 PM, Info: Initializing SIMPLSharp Services...
5/31/2017 4:00:43 PM, Info: ProjectInfo successfully initialized.
5/31/2017 4:00:45 PM, Info: Verifying archive C:\Users\Mike\DOCUME~1\Crestron\Projects\Systems\GUSTOF~1\Output\Programs\CRESTR~1\SPlsWork\MediaSubsystem.clz...
5/31/2017 4:00:46 PM, Info: Saving project information...
5/31/2017 4:00:54 PM, Info: Verifying archive C:\Users\Mike\DOCUME~1\Crestron\Projects\Systems\GUSTOF~1\Output\Programs\CRESTR~1\SPlsWork\SonosLibrary_v2_1.clz...
5/31/2017 4:00:57 PM, Info: Saving project information...
5/31/2017 4:00:59 PM, Info: Verifying archive C:\Users\Mike\DOCUME~1\Crestron\Projects\Systems\GUSTOF~1\Output\Programs\CRESTR~1\SPlsWork\Crestron.TV Presets v1.2.clz...
5/31/2017 4:01:00 PM, Info: Saving project information...
5/31/2017 4:01:03 PM, Info: Verifying archive C:\Users\Mike\DOCUME~1\Crestron\Projects\Systems\GUSTOF~1\Output\Programs\CRESTR~1\SPlsWork\Crestron.MediaPlayerValidator.clz...
5/31/2017 4:01:03 PM, Info: Saving project information...
5/31/2017 4:01:10 PM, Info: Commiting verification transaction...
5/31/2017 4:01:10 PM, Info: Saving project information...
5/31/2017 4:14:54 PM, Info: Initializing SIMPLSharp Services...
5/31/2017 4:14:54 PM, Info: ProjectInfo successfully initialized.
5/31/2017 4:14:56 PM, Info: Verifying archive C:\Users\Mike\DOCUME~1\Crestron\Projects\Systems\GUSTOF~1\Output\Programs\CRESTR~1\SPlsWork\MediaSubsystem.clz...
5/31/2017 4:14:57 PM, Info: Saving project information...
5/31/2017 4:15:06 PM, Info: Verifying archive C:\Users\Mike\DOCUME~1\Crestron\Projects\Systems\GUSTOF~1\Output\Programs\CRESTR~1\SPlsWork\SonosLibrary_v2_1.clz...
5/31/2017 4:15:08 PM, Info: Saving project information...
5/31/2017 4:15:10 PM, Info: Verifying archive C:\Users\Mike\DOCUME~1\Crestron\Projects\Systems\GUSTOF~1\Output\Programs\CRESTR~1\SPlsWork\Crestron.TV Presets v1.2.clz...
5/31/2017 4:15:11 PM, Info: Saving project information...
5/31/2017 4:15:14 PM, Info: Verifying archive C:\Users\Mike\DOCUME~1\Crestron\Projects\Systems\GUSTOF~1\Output\Programs\CRESTR~1\SPlsWork\Crestron.MediaPlayerValidator.clz...
5/31/2017 4:15:14 PM, Info: Saving project information...
5/31/2017 4:15:21 PM, Info: Commiting verification transaction...
5/31/2017 4:15:21 PM, Info: Saving project information...
5/31/2017 4:22:16 PM, Info: Initializing SIMPLSharp Services...
5/31/2017 4:22:16 PM, Info: ProjectInfo successfully initialized.
5/31/2017 4:22:18 PM, Info: Verifying archive C:\Users\Mike\DOCUME~1\Crestron\Projects\Systems\GUSTOF~1\Output\Programs\CRESTR~1\SPlsWork\MediaSubsystem.clz...
5/31/2017 4:22:19 PM, Info: Saving project information...
5/31/2017 4:22:28 PM, Info: Verifying archive C:\Users\Mike\DOCUME~1\Crestron\Projects\Systems\GUSTOF~1\Output\Programs\CRESTR~1\SPlsWork\SonosLibrary_v2_1.clz...
5/31/2017 4:22:30 PM, Info: Saving project information...
5/31/2017 4:22:32 PM, Info: Verifying archive C:\Users\Mike\DOCUME~1\Crestron\Projects\Systems\GUSTOF~1\Output\Programs\CRESTR~1\SPlsWork\Crestron.TV Presets v1.2.clz...
5/31/2017 4:22:34 PM, Info: Saving project information...
5/31/2017 4:22:36 PM, Info: Verifying archive C:\Users\Mike\DOCUME~1\Crestron\Projects\Systems\GUSTOF~1\Output\Programs\CRESTR~1\SPlsWork\Crestron.MediaPlayerValidator.clz...
5/31/2017 4:22:36 PM, Info: Saving project information...
5/31/2017 4:22:44 PM, Info: Commiting verification transaction...
5/31/2017 4:22:44 PM, Info: Saving project information...
5/31/2017 4:35:53 PM, Info: Initializing SIMPLSharp Services...
5/31/2017 4:35:53 PM, Info: ProjectInfo successfully initialized.
5/31/2017 4:35:55 PM, Info: Verifying archive C:\Users\Mike\DOCUME~1\Crestron\Projects\Systems\GUSTOF~1\Output\Programs\CRESTR~1\SPlsWork\MediaSubsystem.clz...
5/31/2017 4:35:56 PM, Info: Saving project information...
5/31/2017 4:36:04 PM, Info: Verifying archive C:\Users\Mike\DOCUME~1\Crestron\Projects\Systems\GUSTOF~1\Output\Programs\CRESTR~1\SPlsWork\SonosLibrary_v2_1.clz...
5/31/2017 4:36:06 PM, Info: Saving project information...
5/31/2017 4:36:08 PM, Info: Verifying archive C:\Users\Mike\DOCUME~1\Crestron\Projects\Systems\GUSTOF~1\Output\Programs\CRESTR~1\SPlsWork\Crestron.TV Presets v1.2.clz...
5/31/2017 4:36:10 PM, Info: Saving project information...
5/31/2017 4:36:12 PM, Info: Verifying archive C:\Users\Mike\DOCUME~1\Crestron\Projects\Systems\GUSTOF~1\Output\Programs\CRESTR~1\SPlsWork\Crestron.MediaPlayerValidator.clz...
5/31/2017 4:36:12 PM, Info: Saving project information...
5/31/2017 4:36:20 PM, Info: Commiting verification transaction...
5/31/2017 4:36:20 PM, Info: Saving project information...
5/31/2017 4:57:52 PM, Info: Initializing SIMPLSharp Services...
5/31/2017 4:57:52 PM, Info: ProjectInfo successfully initialized.
5/31/2017 4:57:54 PM, Info: Verifying archive C:\Users\Mike\DOCUME~1\Crestron\Projects\Systems\GUSTOF~1\Output\Programs\CRESTR~1\SPlsWork\MediaSubsystem.clz...
5/31/2017 4:57:55 PM, Info: Saving project information...
5/31/2017 4:58:03 PM, Info: Verifying archive C:\Users\Mike\DOCUME~1\Crestron\Projects\Systems\GUSTOF~1\Output\Programs\CRESTR~1\SPlsWork\SonosLibrary_v2_1.clz...
5/31/2017 4:58:06 PM, Info: Saving project information...
5/31/2017 4:58:08 PM, Info: Verifying archive C:\Users\Mike\DOCUME~1\Crestron\Projects\Systems\GUSTOF~1\Output\Programs\CRESTR~1\SPlsWork\Crestron.TV Presets v1.2.clz...
5/31/2017 4:58:09 PM, Info: Saving project information...
5/31/2017 4:58:11 PM, Info: Verifying archive C:\Users\Mike\DOCUME~1\Crestron\Projects\Systems\GUSTOF~1\Output\Programs\CRESTR~1\SPlsWork\Crestron.MediaPlayerValidator.clz...
5/31/2017 4:58:12 PM, Info: Saving project information...
5/31/2017 4:58:20 PM, Info: Commiting verification transaction...
5/31/2017 4:58:20 PM, Info: Saving project information...
5/31/2017 5:03:16 PM, Info: Initializing SIMPLSharp Services...
5/31/2017 5:03:16 PM, Info: ProjectInfo successfully initialized.
5/31/2017 5:03:18 PM, Info: Verifying archive C:\Users\Mike\DOCUME~1\Crestron\Projects\Systems\GUSTOF~1\Output\Programs\CRESTR~1\SPlsWork\MediaSubsystem.clz...
5/31/2017 5:03:19 PM, Info: Saving project information...
5/31/2017 5:03:28 PM, Info: Verifying archive C:\Users\Mike\DOCUME~1\Crestron\Projects\Systems\GUSTOF~1\Output\Programs\CRESTR~1\SPlsWork\SonosLibrary_v2_1.clz...
5/31/2017 5:03:30 PM, Info: Saving project information...
5/31/2017 5:03:33 PM, Info: Verifying archive C:\Users\Mike\DOCUME~1\Crestron\Projects\Systems\GUSTOF~1\Output\Programs\CRESTR~1\SPlsWork\Crestron.TV Presets v1.2.clz...
5/31/2017 5:03:34 PM, Info: Saving project information...
5/31/2017 5:03:37 PM, Info: Verifying archive C:\Users\Mike\DOCUME~1\Crestron\Projects\Systems\GUSTOF~1\Output\Programs\CRESTR~1\SPlsWork\Crestron.MediaPlayerValidator.clz...
5/31/2017 5:03:37 PM, Info: Saving project information...
5/31/2017 5:03:45 PM, Info: Commiting verification transaction...
5/31/2017 5:03:45 PM, Info: Saving project information...
5/31/2017 5:09:30 PM, Info: Initializing SIMPLSharp Services...
5/31/2017 5:09:30 PM, Info: ProjectInfo successfully initialized.
5/31/2017 5:09:32 PM, Info: Verifying archive C:\Users\Mike\DOCUME~1\Crestron\Projects\Systems\GUSTOF~1\Output\Programs\CRESTR~1\SPlsWork\MediaSubsystem.clz...
5/31/2017 5:09:33 PM, Info: Saving project information...
5/31/2017 5:09:42 PM, Info: Verifying archive C:\Users\Mike\DOCUME~1\Crestron\Projects\Systems\GUSTOF~1\Output\Programs\CRESTR~1\SPlsWork\SonosLibrary_v2_1.clz...
5/31/2017 5:09:44 PM, Info: Saving project information...
5/31/2017 5:09:47 PM, Info: Verifying archive C:\Users\Mike\DOCUME~1\Crestron\Projects\Systems\GUSTOF~1\Output\Programs\CRESTR~1\SPlsWork\Crestron.TV Presets v1.2.clz...
5/31/2017 5:09:49 PM, Info: Saving project information...
5/31/2017 5:09:51 PM, Info: Verifying archive C:\Users\Mike\DOCUME~1\Crestron\Projects\Systems\GUSTOF~1\Output\Programs\CRESTR~1\SPlsWork\Crestron.MediaPlayerValidator.clz...
5/31/2017 5:09:51 PM, Info: Saving project information...
5/31/2017 5:09:59 PM, Info: Commiting verification transaction...
5/31/2017 5:09:59 PM, Info: Saving project information...
5/31/2017 5:16:14 PM, Info: Initializing SIMPLSharp Services...
5/31/2017 5:16:14 PM, Info: ProjectInfo successfully initialized.
5/31/2017 5:16:16 PM, Info: Verifying archive C:\Users\Mike\DOCUME~1\Crestron\Projects\Systems\GUSTOF~1\Output\Programs\CRESTR~1\SPlsWork\MediaSubsystem.clz...
5/31/2017 5:16:18 PM, Info: Saving project information...
5/31/2017 5:16:26 PM, Info: Verifying archive C:\Users\Mike\DOCUME~1\Crestron\Projects\Systems\GUSTOF~1\Output\Programs\CRESTR~1\SPlsWork\SonosLibrary_v2_1.clz...
5/31/2017 5:16:28 PM, Info: Saving project information...
5/31/2017 5:16:31 PM, Info: Verifying archive C:\Users\Mike\DOCUME~1\Crestron\Projects\Systems\GUSTOF~1\Output\Programs\CRESTR~1\SPlsWork\Crestron.TV Presets v1.2.clz...
5/31/2017 5:16:32 PM, Info: Saving project information...
5/31/2017 5:16:34 PM, Info: Verifying archive C:\Users\Mike\DOCUME~1\Crestron\Projects\Systems\GUSTOF~1\Output\Programs\CRESTR~1\SPlsWork\Crestron.MediaPlayerValidator.clz...
5/31/2017 5:16:34 PM, Info: Saving project information...
5/31/2017 5:16:42 PM, Info: Commiting verification transaction...
5/31/2017 5:16:42 PM, Info: Saving project information...
5/31/2017 5:27:57 PM, Info: Initializing SIMPLSharp Services...
5/31/2017 5:27:57 PM, Info: ProjectInfo successfully initialized.
5/31/2017 5:27:59 PM, Info: Verifying archive C:\Users\Mike\DOCUME~1\Crestron\Projects\Systems\GUSTOF~1\Output\Programs\CRESTR~1\SPlsWork\MediaSubsystem.clz...
5/31/2017 5:28:00 PM, Info: Saving project information...
5/31/2017 5:28:09 PM, Info: Verifying archive C:\Users\Mike\DOCUME~1\Crestron\Projects\Systems\GUSTOF~1\Output\Programs\CRESTR~1\SPlsWork\SonosLibrary_v2_1.clz...
5/31/2017 5:28:10 PM, Info: Saving project information...
5/31/2017 5:28:13 PM, Info: Verifying archive C:\Users\Mike\DOCUME~1\Crestron\Projects\Systems\GUSTOF~1\Output\Programs\CRESTR~1\SPlsWork\Crestron.TV Presets v1.2.clz...
5/31/2017 5:28:14 PM, Info: Saving project information...
5/31/2017 5:28:17 PM, Info: Verifying archive C:\Users\Mike\DOCUME~1\Crestron\Projects\Systems\GUSTOF~1\Output\Programs\CRESTR~1\SPlsWork\Crestron.MediaPlayerValidator.clz...
5/31/2017 5:28:17 PM, Info: Saving project information...
5/31/2017 5:28:26 PM, Info: Commiting verification transaction...
5/31/2017 5:28:26 PM, Info: Saving project information...
5/31/2017 5:50:31 PM, Info: Initializing SIMPLSharp Services...
5/31/2017 5:50:31 PM, Info: ProjectInfo successfully initialized.
5/31/2017 5:50:33 PM, Info: Verifying archive C:\Users\Mike\DOCUME~1\Crestron\Projects\Systems\GUSTOF~1\Output\Programs\CRESTR~1\SPlsWork\MediaSubsystem.clz...
5/31/2017 5:50:34 PM, Info: Saving project information...
5/31/2017 5:50:42 PM, Info: Verifying archive C:\Users\Mike\DOCUME~1\Crestron\Projects\Systems\GUSTOF~1\Output\Programs\CRESTR~1\SPlsWork\SonosLibrary_v2_1.clz...
5/31/2017 5:50:44 PM, Info: Saving project information...
5/31/2017 5:50:47 PM, Info: Verifying archive C:\Users\Mike\DOCUME~1\Crestron\Projects\Systems\GUSTOF~1\Output\Programs\CRESTR~1\SPlsWork\Crestron.TV Presets v1.2.clz...
5/31/2017 5:50:48 PM, Info: Saving project information...
5/31/2017 5:50:50 PM, Info: Verifying archive C:\Users\Mike\DOCUME~1\Crestron\Projects\Systems\GUSTOF~1\Output\Programs\CRESTR~1\SPlsWork\Crestron.MediaPlayerValidator.clz...
5/31/2017 5:50:50 PM, Info: Saving project information...
5/31/2017 5:50:58 PM, Info: Commiting verification transaction...
5/31/2017 5:50:58 PM, Info: Saving project information...
5/31/2017 6:38:43 PM, Info: Initializing SIMPLSharp Services...
5/31/2017 6:38:43 PM, Info: ProjectInfo successfully initialized.
5/31/2017 6:38:45 PM, Info: Verifying archive C:\Users\Mike\DOCUME~1\Crestron\Projects\Systems\GUSTOF~1\Output\Programs\CRESTR~1\SPlsWork\MediaSubsystem.clz...
5/31/2017 6:38:46 PM, Info: Saving project information...
5/31/2017 6:38:54 PM, Info: Verifying archive C:\Users\Mike\DOCUME~1\Crestron\Projects\Systems\GUSTOF~1\Output\Programs\CRESTR~1\SPlsWork\SonosLibrary_v2_1.clz...
5/31/2017 6:38:56 PM, Info: Saving project information...
5/31/2017 6:38:59 PM, Info: Verifying archive C:\Users\Mike\DOCUME~1\Crestron\Projects\Systems\GUSTOF~1\Output\Programs\CRESTR~1\SPlsWork\Crestron.TV Presets v1.2.clz...
5/31/2017 6:39:00 PM, Info: Saving project information...
5/31/2017 6:39:03 PM, Info: Verifying archive C:\Users\Mike\DOCUME~1\Crestron\Projects\Systems\GUSTOF~1\Output\Programs\CRESTR~1\SPlsWork\Crestron.MediaPlayerValidator.clz...
5/31/2017 6:39:03 PM, Info: Saving project information...
5/31/2017 6:39:10 PM, Info: Commiting verification transaction...
5/31/2017 6:39:10 PM, Info: Saving project information...
5/31/2017 6:42:25 PM, Info: Initializing SIMPLSharp Services...
5/31/2017 6:42:25 PM, Info: ProjectInfo successfully initialized.
5/31/2017 6:42:27 PM, Info: Verifying archive C:\Users\Mike\DOCUME~1\Crestron\Projects\Systems\GUSTOF~1\Output\Programs\CRESTR~1\SPlsWork\MediaSubsystem.clz...
5/31/2017 6:42:28 PM, Info: Saving project information...
5/31/2017 6:42:36 PM, Info: Verifying archive C:\Users\Mike\DOCUME~1\Crestron\Projects\Systems\GUSTOF~1\Output\Programs\CRESTR~1\SPlsWork\SonosLibrary_v2_1.clz...
5/31/2017 6:42:38 PM, Info: Saving project information...
5/31/2017 6:42:40 PM, Info: Verifying archive C:\Users\Mike\DOCUME~1\Crestron\Projects\Systems\GUSTOF~1\Output\Programs\CRESTR~1\SPlsWork\Crestron.TV Presets v1.2.clz...
5/31/2017 6:42:42 PM, Info: Saving project information...
5/31/2017 6:42:44 PM, Info: Verifying archive C:\Users\Mike\DOCUME~1\Crestron\Projects\Systems\GUSTOF~1\Output\Programs\CRESTR~1\SPlsWork\Crestron.MediaPlayerValidator.clz...
5/31/2017 6:42:44 PM, Info: Saving project information...
5/31/2017 6:42:51 PM, Info: Commiting verification transaction...
5/31/2017 6:42:51 PM, Info: Saving project information...
5/31/2017 6:46:55 PM, Info: Initializing SIMPLSharp Services...
5/31/2017 6:46:55 PM, Info: ProjectInfo successfully initialized.
5/31/2017 6:46:57 PM, Info: Verifying archive C:\Users\Mike\DOCUME~1\Crestron\Projects\Systems\GUSTOF~1\Output\Programs\CRESTR~1\SPlsWork\MediaSubsystem.clz...
5/31/2017 6:46:58 PM, Info: Saving project information...
5/31/2017 6:47:06 PM, Info: Verifying archive C:\Users\Mike\DOCUME~1\Crestron\Projects\Systems\GUSTOF~1\Output\Programs\CRESTR~1\SPlsWork\SonosLibrary_v2_1.clz...
5/31/2017 6:47:08 PM, Info: Saving project information...
5/31/2017 6:47:11 PM, Info: Verifying archive C:\Users\Mike\DOCUME~1\Crestron\Projects\Systems\GUSTOF~1\Output\Programs\CRESTR~1\SPlsWork\Crestron.TV Presets v1.2.clz...
5/31/2017 6:47:12 PM, Info: Saving project information...
5/31/2017 6:47:15 PM, Info: Verifying archive C:\Users\Mike\DOCUME~1\Crestron\Projects\Systems\GUSTOF~1\Output\Programs\CRESTR~1\SPlsWork\Crestron.MediaPlayerValidator.clz...
5/31/2017 6:47:15 PM, Info: Saving project information...
5/31/2017 6:47:23 PM, Info: Commiting verification transaction...
5/31/2017 6:47:23 PM, Info: Saving project information...
5/31/2017 6:51:27 PM, Info: Initializing SIMPLSharp Services...
5/31/2017 6:51:27 PM, Info: ProjectInfo successfully initialized.
5/31/2017 6:51:28 PM, Info: Verifying archive C:\Users\Mike\DOCUME~1\Crestron\Projects\Systems\GUSTOF~1\Output\Programs\CRESTR~1\SPlsWork\MediaSubsystem.clz...
5/31/2017 6:51:30 PM, Info: Saving project information...
5/31/2017 6:51:39 PM, Info: Verifying archive C:\Users\Mike\DOCUME~1\Crestron\Projects\Systems\GUSTOF~1\Output\Programs\CRESTR~1\SPlsWork\SonosLibrary_v2_1.clz...
5/31/2017 6:51:41 PM, Info: Saving project information...
5/31/2017 6:51:43 PM, Info: Verifying archive C:\Users\Mike\DOCUME~1\Crestron\Projects\Systems\GUSTOF~1\Output\Programs\CRESTR~1\SPlsWork\Crestron.TV Presets v1.2.clz...
5/31/2017 6:51:45 PM, Info: Saving project information...
5/31/2017 6:51:48 PM, Info: Verifying archive C:\Users\Mike\DOCUME~1\Crestron\Projects\Systems\GUSTOF~1\Output\Programs\CRESTR~1\SPlsWork\Crestron.MediaPlayerValidator.clz...
