6/1/2017 1:05:31 PM, Info: Initializing SIMPLSharp Services...
6/1/2017 1:05:31 PM, Info: ProjectInfo successfully initialized.
6/1/2017 1:05:33 PM, Info: Verifying archive C:\Users\Mike\DOCUME~1\Crestron\Projects\Systems\GUSTOF~1\Output\Programs\CRESTR~1\SPlsWork\MediaSubsystem.clz...
6/1/2017 1:05:35 PM, Info: Saving project information...
6/1/2017 1:05:43 PM, Info: Verifying archive C:\Users\Mike\DOCUME~1\Crestron\Projects\Systems\GUSTOF~1\Output\Programs\CRESTR~1\SPlsWork\SonosLibrary_v2_1.clz...
6/1/2017 1:05:45 PM, Info: Saving project information...
6/1/2017 1:05:47 PM, Info: Verifying archive C:\Users\Mike\DOCUME~1\Crestron\Projects\Systems\GUSTOF~1\Output\Programs\CRESTR~1\SPlsWork\Crestron.TV Presets v1.2.clz...
6/1/2017 1:05:49 PM, Info: Saving project information...
6/1/2017 1:05:51 PM, Info: Verifying archive C:\Users\Mike\DOCUME~1\Crestron\Projects\Systems\GUSTOF~1\Output\Programs\CRESTR~1\SPlsWork\Crestron.MediaPlayerValidator.clz...
6/1/2017 1:05:52 PM, Info: Saving project information...
6/1/2017 1:06:00 PM, Info: Commiting verification transaction...
6/1/2017 1:06:00 PM, Info: Saving project information...
6/1/2017 1:16:32 PM, Info: Initializing SIMPLSharp Services...
6/1/2017 1:16:32 PM, Info: ProjectInfo successfully initialized.
6/1/2017 1:16:34 PM, Info: Verifying archive C:\Users\Mike\DOCUME~1\Crestron\Projects\Systems\GUSTOF~1\Output\Programs\CRESTR~1\SPlsWork\MediaSubsystem.clz...
6/1/2017 1:16:35 PM, Info: Saving project information...
6/1/2017 1:16:42 PM, Info: Verifying archive C:\Users\Mike\DOCUME~1\Crestron\Projects\Systems\GUSTOF~1\Output\Programs\CRESTR~1\SPlsWork\SonosLibrary_v2_1.clz...
6/1/2017 1:16:44 PM, Info: Saving project information...
6/1/2017 1:16:46 PM, Info: Verifying archive C:\Users\Mike\DOCUME~1\Crestron\Projects\Systems\GUSTOF~1\Output\Programs\CRESTR~1\SPlsWork\Crestron.TV Presets v1.2.clz...
6/1/2017 1:16:48 PM, Info: Saving project information...
6/1/2017 1:16:50 PM, Info: Verifying archive C:\Users\Mike\DOCUME~1\Crestron\Projects\Systems\GUSTOF~1\Output\Programs\CRESTR~1\SPlsWork\Crestron.MediaPlayerValidator.clz...
6/1/2017 1:16:50 PM, Info: Saving project information...
6/1/2017 1:16:57 PM, Info: Commiting verification transaction...
6/1/2017 1:16:57 PM, Info: Saving project information...
6/1/2017 1:19:41 PM, Info: Initializing SIMPLSharp Services...
6/1/2017 1:19:41 PM, Info: ProjectInfo successfully initialized.
6/1/2017 1:19:42 PM, Info: Verifying archive C:\Users\Mike\DOCUME~1\Crestron\Projects\Systems\GUSTOF~1\Output\Programs\CRESTR~1\SPlsWork\MediaSubsystem.clz...
6/1/2017 1:19:44 PM, Info: Saving project information...
6/1/2017 1:19:50 PM, Info: Verifying archive C:\Users\Mike\DOCUME~1\Crestron\Projects\Systems\GUSTOF~1\Output\Programs\CRESTR~1\SPlsWork\SonosLibrary_v2_1.clz...
6/1/2017 1:19:52 PM, Info: Saving project information...
6/1/2017 1:19:54 PM, Info: Verifying archive C:\Users\Mike\DOCUME~1\Crestron\Projects\Systems\GUSTOF~1\Output\Programs\CRESTR~1\SPlsWork\Crestron.TV Presets v1.2.clz...
6/1/2017 1:19:56 PM, Info: Saving project information...
6/1/2017 1:19:58 PM, Info: Verifying archive C:\Users\Mike\DOCUME~1\Crestron\Projects\Systems\GUSTOF~1\Output\Programs\CRESTR~1\SPlsWork\Crestron.MediaPlayerValidator.clz...
6/1/2017 1:19:58 PM, Info: Saving project information...
6/1/2017 1:20:05 PM, Info: Commiting verification transaction...
6/1/2017 1:20:05 PM, Info: Saving project information...
6/1/2017 1:43:46 PM, Info: Initializing SIMPLSharp Services...
6/1/2017 1:43:46 PM, Info: ProjectInfo successfully initialized.
6/1/2017 1:43:47 PM, Info: Verifying archive C:\Users\Mike\DOCUME~1\Crestron\Projects\Systems\GUSTOF~1\Output\Programs\CRESTR~1\SPlsWork\MediaSubsystem.clz...
6/1/2017 1:43:48 PM, Info: Saving project information...
6/1/2017 1:43:55 PM, Info: Verifying archive C:\Users\Mike\DOCUME~1\Crestron\Projects\Systems\GUSTOF~1\Output\Programs\CRESTR~1\SPlsWork\SonosLibrary_v2_1.clz...
6/1/2017 1:43:57 PM, Info: Saving project information...
6/1/2017 1:43:59 PM, Info: Verifying archive C:\Users\Mike\DOCUME~1\Crestron\Projects\Systems\GUSTOF~1\Output\Programs\CRESTR~1\SPlsWork\Crestron.TV Presets v1.2.clz...
6/1/2017 1:44:01 PM, Info: Saving project information...
6/1/2017 1:44:03 PM, Info: Verifying archive C:\Users\Mike\DOCUME~1\Crestron\Projects\Systems\GUSTOF~1\Output\Programs\CRESTR~1\SPlsWork\Crestron.MediaPlayerValidator.clz...
6/1/2017 1:44:03 PM, Info: Saving project information...
6/1/2017 1:44:09 PM, Info: Commiting verification transaction...
6/1/2017 1:44:09 PM, Info: Saving project information...
6/1/2017 1:49:39 PM, Info: Initializing SIMPLSharp Services...
6/1/2017 1:49:39 PM, Info: ProjectInfo successfully initialized.
6/1/2017 1:49:40 PM, Info: Verifying archive C:\Users\Mike\DOCUME~1\Crestron\Projects\Systems\GUSTOF~1\Output\Programs\CRESTR~1\SPlsWork\MediaSubsystem.clz...
6/1/2017 1:49:42 PM, Info: Saving project information...
6/1/2017 1:49:49 PM, Info: Verifying archive C:\Users\Mike\DOCUME~1\Crestron\Projects\Systems\GUSTOF~1\Output\Programs\CRESTR~1\SPlsWork\SonosLibrary_v2_1.clz...
6/1/2017 1:49:51 PM, Info: Saving project information...
6/1/2017 1:49:53 PM, Info: Verifying archive C:\Users\Mike\DOCUME~1\Crestron\Projects\Systems\GUSTOF~1\Output\Programs\CRESTR~1\SPlsWork\Crestron.TV Presets v1.2.clz...
6/1/2017 1:49:55 PM, Info: Saving project information...
6/1/2017 1:49:57 PM, Info: Verifying archive C:\Users\Mike\DOCUME~1\Crestron\Projects\Systems\GUSTOF~1\Output\Programs\CRESTR~1\SPlsWork\Crestron.MediaPlayerValidator.clz...
6/1/2017 1:49:57 PM, Info: Saving project information...
6/1/2017 1:50:04 PM, Info: Commiting verification transaction...
6/1/2017 1:50:04 PM, Info: Saving project information...
6/1/2017 1:55:33 PM, Info: Initializing SIMPLSharp Services...
6/1/2017 1:55:33 PM, Info: ProjectInfo successfully initialized.
6/1/2017 1:55:35 PM, Info: Verifying archive C:\Users\Mike\DOCUME~1\Crestron\Projects\Systems\GUSTOF~1\Output\Programs\CRESTR~1\SPlsWork\MediaSubsystem.clz...
6/1/2017 1:55:37 PM, Info: Saving project information...
6/1/2017 1:55:45 PM, Info: Verifying archive C:\Users\Mike\DOCUME~1\Crestron\Projects\Systems\GUSTOF~1\Output\Programs\CRESTR~1\SPlsWork\SonosLibrary_v2_1.clz...
6/1/2017 1:55:48 PM, Info: Saving project information...
6/1/2017 1:55:51 PM, Info: Verifying archive C:\Users\Mike\DOCUME~1\Crestron\Projects\Systems\GUSTOF~1\Output\Programs\CRESTR~1\SPlsWork\Crestron.TV Presets v1.2.clz...
6/1/2017 1:55:53 PM, Info: Saving project information...
6/1/2017 1:55:55 PM, Info: Verifying archive C:\Users\Mike\DOCUME~1\Crestron\Projects\Systems\GUSTOF~1\Output\Programs\CRESTR~1\SPlsWork\Crestron.MediaPlayerValidator.clz...
6/1/2017 1:55:56 PM, Info: Saving project information...
6/1/2017 1:56:04 PM, Info: Commiting verification transaction...
6/1/2017 1:56:04 PM, Info: Saving project information...
6/1/2017 1:59:36 PM, Info: Initializing SIMPLSharp Services...
6/1/2017 1:59:36 PM, Info: ProjectInfo successfully initialized.
6/1/2017 1:59:38 PM, Info: Verifying archive C:\Users\Mike\DOCUME~1\Crestron\Projects\Systems\GUSTOF~1\Output\Programs\CRESTR~1\SPlsWork\MediaSubsystem.clz...
6/1/2017 1:59:40 PM, Info: Saving project information...
6/1/2017 1:59:47 PM, Info: Verifying archive C:\Users\Mike\DOCUME~1\Crestron\Projects\Systems\GUSTOF~1\Output\Programs\CRESTR~1\SPlsWork\SonosLibrary_v2_1.clz...
6/1/2017 1:59:49 PM, Info: Saving project information...
6/1/2017 1:59:51 PM, Info: Verifying archive C:\Users\Mike\DOCUME~1\Crestron\Projects\Systems\GUSTOF~1\Output\Programs\CRESTR~1\SPlsWork\Crestron.TV Presets v1.2.clz...
6/1/2017 1:59:53 PM, Info: Saving project information...
6/1/2017 1:59:55 PM, Info: Verifying archive C:\Users\Mike\DOCUME~1\Crestron\Projects\Systems\GUSTOF~1\Output\Programs\CRESTR~1\SPlsWork\Crestron.MediaPlayerValidator.clz...
6/1/2017 1:59:56 PM, Info: Saving project information...
6/1/2017 2:00:03 PM, Info: Commiting verification transaction...
6/1/2017 2:00:03 PM, Info: Saving project information...
6/1/2017 2:07:08 PM, Info: Initializing SIMPLSharp Services...
6/1/2017 2:07:08 PM, Info: ProjectInfo successfully initialized.
6/1/2017 2:07:10 PM, Info: Verifying archive C:\Users\Mike\DOCUME~1\Crestron\Projects\Systems\GUSTOF~1\Output\Programs\CRESTR~1\SPlsWork\MediaSubsystem.clz...
6/1/2017 2:07:11 PM, Info: Saving project information...
6/1/2017 2:07:18 PM, Info: Verifying archive C:\Users\Mike\DOCUME~1\Crestron\Projects\Systems\GUSTOF~1\Output\Programs\CRESTR~1\SPlsWork\SonosLibrary_v2_1.clz...
6/1/2017 2:07:20 PM, Info: Saving project information...
6/1/2017 2:07:22 PM, Info: Verifying archive C:\Users\Mike\DOCUME~1\Crestron\Projects\Systems\GUSTOF~1\Output\Programs\CRESTR~1\SPlsWork\Crestron.TV Presets v1.2.clz...
6/1/2017 2:07:24 PM, Info: Saving project information...
6/1/2017 2:07:26 PM, Info: Verifying archive C:\Users\Mike\DOCUME~1\Crestron\Projects\Systems\GUSTOF~1\Output\Programs\CRESTR~1\SPlsWork\Crestron.MediaPlayerValidator.clz...
6/1/2017 2:07:27 PM, Info: Saving project information...
6/1/2017 2:07:33 PM, Info: Commiting verification transaction...
6/1/2017 2:07:33 PM, Info: Saving project information...
6/1/2017 2:13:40 PM, Info: Initializing SIMPLSharp Services...
6/1/2017 2:13:40 PM, Info: ProjectInfo successfully initialized.
6/1/2017 2:13:41 PM, Info: Verifying archive C:\Users\Mike\DOCUME~1\Crestron\Projects\Systems\GUSTOF~1\Output\Programs\CRESTR~1\SPlsWork\MediaSubsystem.clz...
6/1/2017 2:13:42 PM, Info: Saving project information...
6/1/2017 2:13:49 PM, Info: Verifying archive C:\Users\Mike\DOCUME~1\Crestron\Projects\Systems\GUSTOF~1\Output\Programs\CRESTR~1\SPlsWork\SonosLibrary_v2_1.clz...
6/1/2017 2:13:51 PM, Info: Saving project information...
6/1/2017 2:13:54 PM, Info: Verifying archive C:\Users\Mike\DOCUME~1\Crestron\Projects\Systems\GUSTOF~1\Output\Programs\CRESTR~1\SPlsWork\Crestron.TV Presets v1.2.clz...
6/1/2017 2:13:55 PM, Info: Saving project information...
6/1/2017 2:13:57 PM, Info: Verifying archive C:\Users\Mike\DOCUME~1\Crestron\Projects\Systems\GUSTOF~1\Output\Programs\CRESTR~1\SPlsWork\Crestron.MediaPlayerValidator.clz...
6/1/2017 2:13:57 PM, Info: Saving project information...
6/1/2017 2:14:04 PM, Info: Commiting verification transaction...
6/1/2017 2:14:04 PM, Info: Saving project information...
6/1/2017 2:24:28 PM, Info: Initializing SIMPLSharp Services...
6/1/2017 2:24:28 PM, Info: ProjectInfo successfully initialized.
6/1/2017 2:24:30 PM, Info: Verifying archive C:\Users\Mike\DOCUME~1\Crestron\Projects\Systems\GUSTOF~1\Output\Programs\CRESTR~1\SPlsWork\MediaSubsystem.clz...
6/1/2017 2:24:31 PM, Info: Saving project information...
6/1/2017 2:24:39 PM, Info: Verifying archive C:\Users\Mike\DOCUME~1\Crestron\Projects\Systems\GUSTOF~1\Output\Programs\CRESTR~1\SPlsWork\SonosLibrary_v2_1.clz...
6/1/2017 2:24:42 PM, Info: Saving project information...
6/1/2017 2:24:44 PM, Info: Verifying archive C:\Users\Mike\DOCUME~1\Crestron\Projects\Systems\GUSTOF~1\Output\Programs\CRESTR~1\SPlsWork\Crestron.TV Presets v1.2.clz...
6/1/2017 2:24:46 PM, Info: Saving project information...
6/1/2017 2:24:48 PM, Info: Verifying archive C:\Users\Mike\DOCUME~1\Crestron\Projects\Systems\GUSTOF~1\Output\Programs\CRESTR~1\SPlsWork\Crestron.MediaPlayerValidator.clz...
6/1/2017 2:24:49 PM, Info: Saving project information...
6/1/2017 2:24:56 PM, Info: Commiting verification transaction...
6/1/2017 2:24:56 PM, Info: Saving project information...
6/1/2017 2:30:17 PM, Info: Initializing SIMPLSharp Services...
6/1/2017 2:30:17 PM, Info: ProjectInfo successfully initialized.
6/1/2017 2:30:18 PM, Info: Verifying archive C:\Users\Mike\DOCUME~1\Crestron\Projects\Systems\GUSTOF~1\Output\Programs\CRESTR~1\SPlsWork\MediaSubsystem.clz...
6/1/2017 2:30:20 PM, Info: Saving project information...
6/1/2017 2:30:28 PM, Info: Verifying archive C:\Users\Mike\DOCUME~1\Crestron\Projects\Systems\GUSTOF~1\Output\Programs\CRESTR~1\SPlsWork\SonosLibrary_v2_1.clz...
6/1/2017 2:30:30 PM, Info: Saving project information...
6/1/2017 2:30:33 PM, Info: Verifying archive C:\Users\Mike\DOCUME~1\Crestron\Projects\Systems\GUSTOF~1\Output\Programs\CRESTR~1\SPlsWork\Crestron.TV Presets v1.2.clz...
6/1/2017 2:30:34 PM, Info: Saving project information...
6/1/2017 2:30:37 PM, Info: Verifying archive C:\Users\Mike\DOCUME~1\Crestron\Projects\Systems\GUSTOF~1\Output\Programs\CRESTR~1\SPlsWork\Crestron.MediaPlayerValidator.clz...
6/1/2017 2:30:37 PM, Info: Saving project information...
6/1/2017 2:30:45 PM, Info: Commiting verification transaction...
6/1/2017 2:30:45 PM, Info: Saving project information...
6/1/2017 2:36:38 PM, Info: Initializing SIMPLSharp Services...
6/1/2017 2:36:38 PM, Info: ProjectInfo successfully initialized.
6/1/2017 2:36:40 PM, Info: Verifying archive C:\Users\Mike\DOCUME~1\Crestron\Projects\Systems\GUSTOF~1\Output\Programs\CRESTR~1\SPlsWork\MediaSubsystem.clz...
6/1/2017 2:36:41 PM, Info: Saving project information...
6/1/2017 2:36:48 PM, Info: Verifying archive C:\Users\Mike\DOCUME~1\Crestron\Projects\Systems\GUSTOF~1\Output\Programs\CRESTR~1\SPlsWork\SonosLibrary_v2_1.clz...
6/1/2017 2:36:50 PM, Info: Saving project information...
6/1/2017 2:36:52 PM, Info: Verifying archive C:\Users\Mike\DOCUME~1\Crestron\Projects\Systems\GUSTOF~1\Output\Programs\CRESTR~1\SPlsWork\Crestron.TV Presets v1.2.clz...
6/1/2017 2:36:53 PM, Info: Saving project information...
6/1/2017 2:36:55 PM, Info: Verifying archive C:\Users\Mike\DOCUME~1\Crestron\Projects\Systems\GUSTOF~1\Output\Programs\CRESTR~1\SPlsWork\Crestron.MediaPlayerValidator.clz...
6/1/2017 2:36:56 PM, Info: Saving project information...
6/1/2017 2:37:03 PM, Info: Commiting verification transaction...
6/1/2017 2:37:03 PM, Info: Saving project information...
6/1/2017 3:13:52 PM, Info: Initializing SIMPLSharp Services...
6/1/2017 3:13:52 PM, Info: ProjectInfo successfully initialized.
6/1/2017 3:13:54 PM, Info: Verifying archive C:\Users\Mike\DOCUME~1\Crestron\Projects\Systems\GUSTOF~1\Output\Programs\CRESTR~1\SPlsWork\MediaSubsystem.clz...
6/1/2017 3:13:55 PM, Info: Saving project information...
6/1/2017 3:14:01 PM, Info: Verifying archive C:\Users\Mike\DOCUME~1\Crestron\Projects\Systems\GUSTOF~1\Output\Programs\CRESTR~1\SPlsWork\SonosLibrary_v2_1.clz...
6/1/2017 3:14:03 PM, Info: Saving project information...
6/1/2017 3:14:05 PM, Info: Verifying archive C:\Users\Mike\DOCUME~1\Crestron\Projects\Systems\GUSTOF~1\Output\Programs\CRESTR~1\SPlsWork\Crestron.TV Presets v1.2.clz...
6/1/2017 3:14:07 PM, Info: Saving project information...
6/1/2017 3:14:09 PM, Info: Verifying archive C:\Users\Mike\DOCUME~1\Crestron\Projects\Systems\GUSTOF~1\Output\Programs\CRESTR~1\SPlsWork\Crestron.MediaPlayerValidator.clz...
6/1/2017 3:14:09 PM, Info: Saving project information...
6/1/2017 3:14:17 PM, Info: Commiting verification transaction...
6/1/2017 3:14:17 PM, Info: Saving project information...
6/1/2017 3:41:58 PM, Info: Initializing SIMPLSharp Services...
6/1/2017 3:41:58 PM, Info: ProjectInfo successfully initialized.
6/1/2017 3:42:00 PM, Info: Verifying archive C:\Users\Mike\DOCUME~1\Crestron\Projects\Systems\GUSTOF~1\Output\Programs\CRESTR~1\SPlsWork\MediaSubsystem.clz...
6/1/2017 3:42:01 PM, Info: Saving project information...
6/1/2017 3:42:08 PM, Info: Verifying archive C:\Users\Mike\DOCUME~1\Crestron\Projects\Systems\GUSTOF~1\Output\Programs\CRESTR~1\SPlsWork\SonosLibrary_v2_1.clz...
6/1/2017 3:42:11 PM, Info: Saving project information...
6/1/2017 3:42:12 PM, Info: Verifying archive C:\Users\Mike\DOCUME~1\Crestron\Projects\Systems\GUSTOF~1\Output\Programs\CRESTR~1\SPlsWork\Crestron.TV Presets v1.2.clz...
6/1/2017 3:42:14 PM, Info: Saving project information...
6/1/2017 3:42:16 PM, Info: Verifying archive C:\Users\Mike\DOCUME~1\Crestron\Projects\Systems\GUSTOF~1\Output\Programs\CRESTR~1\SPlsWork\Crestron.MediaPlayerValidator.clz...
6/1/2017 3:42:16 PM, Info: Saving project information...
6/1/2017 3:42:23 PM, Info: Commiting verification transaction...
6/1/2017 3:42:23 PM, Info: Saving project information...
6/1/2017 3:48:48 PM, Info: Initializing SIMPLSharp Services...
6/1/2017 3:48:48 PM, Info: ProjectInfo successfully initialized.
6/1/2017 3:48:50 PM, Info: Verifying archive C:\Users\Mike\DOCUME~1\Crestron\Projects\Systems\GUSTOF~1\Output\Programs\CRESTR~1\SPlsWork\MediaSubsystem.clz...
